android/build/intermediates/manifest_merge_blame_file/debug/processDebugManifest/manifest-merger-blame-debug-report.txt
1<?xml version="1.0" encoding="utf-8"?>
2<manifest xmlns:android="http://schemas.android.com/apk/res/android"
3    package="com.paj.btlocationreporter" >
4
5    <uses-sdk android:minSdkVersion="26" />
6
7    <!-- Bluetooth permissions (Android 12+) -->
8    <uses-permission
8-->src/main/AndroidManifest.xml:5:5-6:58
9        android:name="android.permission.BLUETOOTH_SCAN"
9-->src/main/AndroidManifest.xml:5:22-70
10        android:usesPermissionFlags="neverForLocation" />
10-->src/main/AndroidManifest.xml:6:9-55
11    <uses-permission android:name="android.permission.BLUETOOTH_CONNECT" />
11-->src/main/AndroidManifest.xml:7:5-76
11-->src/main/AndroidManifest.xml:7:22-73
12    <uses-permission
12-->src/main/AndroidManifest.xml:8:5-95
13        android:name="android.permission.BLUETOOTH"
13-->src/main/AndroidManifest.xml:8:22-65
14        android:maxSdkVersion="30" />
14-->src/main/AndroidManifest.xml:8:66-92
15    <uses-permission
15-->src/main/AndroidManifest.xml:9:5-101
16        android:name="android.permission.BLUETOOTH_ADMIN"
16-->src/main/AndroidManifest.xml:9:22-71
17        android:maxSdkVersion="30" />
17-->src/main/AndroidManifest.xml:9:72-98
18
19    <!-- Location -->
20    <uses-permission android:name="android.permission.ACCESS_FINE_LOCATION" />
20-->src/main/AndroidManifest.xml:12:5-79
20-->src/main/AndroidManifest.xml:12:22-76
21    <uses-permission android:name="android.permission.ACCESS_COARSE_LOCATION" />
21-->src/main/AndroidManifest.xml:13:5-81
21-->src/main/AndroidManifest.xml:13:22-78
22    <!-- Background location — requires a runtime permission request with ACCESS_BACKGROUND_LOCATION -->
23    <uses-permission android:name="android.permission.ACCESS_BACKGROUND_LOCATION" />
23-->src/main/AndroidManifest.xml:15:5-85
23-->src/main/AndroidManifest.xml:15:22-82
24
25    <!-- Foreground service -->
26    <uses-permission android:name="android.permission.FOREGROUND_SERVICE" />
26-->src/main/AndroidManifest.xml:18:5-77
26-->src/main/AndroidManifest.xml:18:22-74
27    <uses-permission android:name="android.permission.FOREGROUND_SERVICE_LOCATION" />
27-->src/main/AndroidManifest.xml:19:5-86
27-->src/main/AndroidManifest.xml:19:22-83
28    <uses-permission android:name="android.permission.FOREGROUND_SERVICE_CONNECTED_DEVICE" />
28-->src/main/AndroidManifest.xml:20:5-94
28-->src/main/AndroidManifest.xml:20:22-91
29
30    <!-- Network -->
31    <uses-permission android:name="android.permission.INTERNET" />
31-->src/main/AndroidManifest.xml:23:5-67
31-->src/main/AndroidManifest.xml:23:22-64
32    <uses-permission android:name="android.permission.ACCESS_NETWORK_STATE" />
32-->src/main/AndroidManifest.xml:24:5-79
32-->src/main/AndroidManifest.xml:24:22-76
33
34    <!-- Keep CPU alive while service runs -->
35    <uses-permission android:name="android.permission.WAKE_LOCK" />
35-->src/main/AndroidManifest.xml:27:5-68
35-->src/main/AndroidManifest.xml:27:22-65
36
37    <!-- Boot: restart service after device reboot -->
38    <uses-permission android:name="android.permission.RECEIVE_BOOT_COMPLETED" />
38-->src/main/AndroidManifest.xml:30:5-81
38-->src/main/AndroidManifest.xml:30:22-78
39
40    <application>
40-->src/main/AndroidManifest.xml:32:5-51:19
41
42        <!-- Foreground service that manages BLE + GPS + HTTP in background -->
43        <service
43-->src/main/AndroidManifest.xml:35:9-39:72
44            android:name="com.paj.btlocationreporter.BtLocationReporterService"
44-->src/main/AndroidManifest.xml:36:13-54
45            android:enabled="true"
45-->src/main/AndroidManifest.xml:37:13-35
46            android:exported="false"
46-->src/main/AndroidManifest.xml:38:13-37
47            android:foregroundServiceType="location|connectedDevice" />
47-->src/main/AndroidManifest.xml:39:13-69
48
49        <!-- Auto-start service after device reboot -->
50        <receiver
50-->src/main/AndroidManifest.xml:42:9-49:20
51            android:name="com.paj.btlocationreporter.BootReceiver"
51-->src/main/AndroidManifest.xml:43:13-41
52            android:enabled="true"
52-->src/main/AndroidManifest.xml:44:13-35
53            android:exported="true" >
53-->src/main/AndroidManifest.xml:45:13-36
54            <intent-filter>
54-->src/main/AndroidManifest.xml:46:13-48:29
55                <action android:name="android.intent.action.BOOT_COMPLETED" />
55-->src/main/AndroidManifest.xml:47:17-79
55-->src/main/AndroidManifest.xml:47:25-76
56            </intent-filter>
57        </receiver>
58    </application>
59
60</manifest>